<?xml version="1.0" encoding="UTF-8"?>
<beans xmlns="http://www.springframework.org/schema/beans" xmlns:xsi="http://www.w3.org/2001/XMLSchema-instance"
  xmlns:context="http://www.springframework.org/schema/context" xmlns:tx="http://www.springframework.org/schema/tx"
  xsi:schemaLocation="http://www.springframework.org/schema/beans
         http://www.springframework.org/schema/beans/spring-beans-3.0.xsd
         http://www.springframework.org/schema/tx
         http://www.springframework.org/schema/tx/spring-tx-3.0.xsd
         http://www.springframework.org/schema/context
         http://www.springframework.org/schema/context/spring-context-3.0.xsd">

  <!-- Enable configuration by Java annotations to avoid XML as much as possible. -->
  <context:annotation-config/>
  
  <!-- The following delegates the rest of the configuration to a Java bean. -->
  <bean class="com.googlecode.jeeunit.example.test.spring.SpringTestConfig"/>


  <!-- 
       You can replace the previous two elements by the following one. This will pick up all
       configuration classes and other beans in or below the given package, so you may get more
       than you were asking for.
   -->
  <!--context:component-scan base-package="com.googlecode.jeeunit.example.service"/-->

  <!-- 
       Alas, annotation-driven transactions can only be enabled by XML in Spring 3.0.x. 
       The @AnnotationDrivenTx annotation from the Java Config project is not supported.
       
       The proxy-target-class setting is required to make proxies work when our transactional
       beans are Serializable. 
  -->
  <tx:annotation-driven proxy-target-class="true"/>

</beans>

